<?xml version="1.0" encoding="UTF-8"?>
<!-- Generated by org.testng.reporters.JUnitXMLReporter -->
<testsuite ignored="0" hostname="BBMDVPAYZAPP" failures="0" tests="2" name="Surefire test" time="38.125" errors="0" timestamp="2024-12-28T12:44:47 IST">
  <testcase classname="io.cucumber.testng.AbstractTestNGCucumberTests" name="runScenario" time="23.818"/>
  <testcase classname="io.cucumber.testng.AbstractTestNGCucumberTests" name="runScenario" time="13.802"/>
</testsuite> <!-- Surefire test -->
