<?xml version="1.0" encoding="UTF-8"?>
<testsuite xmlns:xsi="http://www.w3.org/2001/XMLSchema-instance" xsi:noNamespaceSchemaLocation="https://maven.apache.org/surefire/maven-surefire-plugin/xsd/surefire-test-report.xsd" version="3.0.2" name="runners.TestRunner" time="3.213" tests="2" errors="0" skipped="0" failures="0">
  <properties>
[...]
</properties>
  <testcase name="runScenario[&quot;Verify status code for GET /users endpoint&quot;, &quot;API testing with Cucumber and RestAssured&quot;](1)" classname="runners.TestRunner" time="1.697">
    <system-out><![CDATA[
@Api
Scenario: Verify status code for GET /users endpoint &amp#27;[90m# src/test/resources/features/api.feature:4&amp#27;[0m
Before Scenario: Initializing setup, e.g., opening a browser.
  &amp#27;[32mGiven &amp#27;[0m&amp#27;[32mI send a GET request to &amp#27;[0m&amp#27;[32m&amp#27;[1m"/users"&amp#27;[0m             &amp#27;[90m# stepDefinitions.ApiStepDefinitions.sendGetRequest(java.lang.String)&amp#27;[0m
  &amp#27;[32mThen &amp#27;[0m&amp#27;[32mthe status code should be &amp#27;[0m&amp#27;[32m&amp#27;[1m200&amp#27;[0m                 &amp#27;[90m# stepDefinitions.ApiStepDefinitions.verifyStatusCode(int)&amp#27;[0m
After Scenario: Cleaning up, e.g., closing a browser.
]]></system-out>
    <system-err><![CDATA[SLF4J: Failed to load class "org.slf4j.impl.StaticLoggerBinder".
SLF4J: Defaulting to no-operation (NOP) logger implementation
SLF4J: See http://www.slf4j.org/codes.html#StaticLoggerBinder for further details.
]]></system-err>
  </testcase>
  <testcase name="runScenario[&quot;Verify user details for a specific user&quot;, &quot;API testing with Cucumber and RestAssured&quot;](2)" classname="runners.TestRunner" time="0.119">
    <system-out><![CDATA[
@Api
Scenario: Verify user details for a specific user     &amp#27;[90m# src/test/resources/features/api.feature:8&amp#27;[0m
Before Scenario: Initializing setup, e.g., opening a browser.
  &amp#27;[32mGiven &amp#27;[0m&amp#27;[32mI send a GET request to &amp#27;[0m&amp#27;[32m&amp#27;[1m"/users/1"&amp#27;[0m            &amp#27;[90m# stepDefinitions.ApiStepDefinitions.sendGetRequest(java.lang.String)&amp#27;[0m
  &amp#27;[32mThen &amp#27;[0m&amp#27;[32mthe response should contain &amp#27;[0m&amp#27;[32m&amp#27;[1m"name"&amp#27;[0m&amp#27;[32m and &amp#27;[0m&amp#27;[32m&amp#27;[1m"email"&amp#27;[0m &amp#27;[90m# stepDefinitions.ApiStepDefinitions.verifyResponseContainsFields(java.lang.String,java.lang.String)&amp#27;[0m
  &amp#27;[32mAnd &amp#27;[0m&amp#27;[32mthe status code should be &amp#27;[0m&amp#27;[32m&amp#27;[1m200&amp#27;[0m                   &amp#27;[90m# stepDefinitions.ApiStepDefinitions.verifyStatusCode(int)&amp#27;[0m
After Scenario: Cleaning up, e.g., closing a browser.
]]></system-out>
  </testcase>
</testsuite>